  RandMap.cpp
d:\assignments\aint354\aint354\project\aint354\aint354\levelmanagement\randmap.cpp(47): warning C4244: 'argument': conversion from 'float' to 'unsigned int', possible loss of data
d:\assignments\aint354\aint354\project\aint354\aint354\levelmanagement\randmap.cpp(94): warning C4244: 'argument': conversion from 'float' to 'unsigned int', possible loss of data
d:\assignments\aint354\aint354\project\aint354\aint354\levelmanagement\randmap.cpp(129): warning C4018: '<': signed/unsigned mismatch
d:\assignments\aint354\aint354\project\aint354\aint354\levelmanagement\randmap.cpp(131): warning C4244: 'initializing': conversion from 'float' to 'int', possible loss of data
d:\assignments\aint354\aint354\project\aint354\aint354\levelmanagement\randmap.cpp(132): warning C4244: 'initializing': conversion from 'float' to 'int', possible loss of data
d:\assignments\aint354\aint354\project\aint354\aint354\levelmanagement\randmap.cpp(217): warning C4244: 'argument': conversion from 'float' to 'unsigned int', possible loss of data
d:\assignments\aint354\aint354\project\aint354\aint354\levelmanagement\randmap.cpp(221): warning C4244: 'argument': conversion from 'float' to 'unsigned int', possible loss of data
d:\assignments\aint354\aint354\project\aint354\aint354\levelmanagement\randmap.cpp(237): warning C4244: 'argument': conversion from 'float' to 'unsigned int', possible loss of data
d:\assignments\aint354\aint354\project\aint354\aint354\levelmanagement\randmap.cpp(258): warning C4244: 'argument': conversion from 'float' to 'unsigned int', possible loss of data
d:\assignments\aint354\aint354\project\aint354\aint354\levelmanagement\randmap.cpp(262): warning C4244: 'argument': conversion from 'float' to 'unsigned int', possible loss of data
d:\assignments\aint354\aint354\project\aint354\aint354\levelmanagement\randmap.cpp(279): warning C4244: 'argument': conversion from 'float' to 'unsigned int', possible loss of data
d:\assignments\aint354\aint354\project\aint354\aint354\levelmanagement\randmap.cpp(301): warning C4244: 'argument': conversion from 'float' to 'unsigned int', possible loss of data
d:\assignments\aint354\aint354\project\aint354\aint354\levelmanagement\randmap.cpp(305): warning C4244: 'argument': conversion from 'float' to 'unsigned int', possible loss of data
d:\assignments\aint354\aint354\project\aint354\aint354\levelmanagement\randmap.cpp(320): warning C4244: 'argument': conversion from 'float' to 'unsigned int', possible loss of data
d:\assignments\aint354\aint354\project\aint354\aint354\levelmanagement\randmap.cpp(343): warning C4244: 'argument': conversion from 'float' to 'unsigned int', possible loss of data
d:\assignments\aint354\aint354\project\aint354\aint354\levelmanagement\randmap.cpp(348): warning C4244: 'argument': conversion from 'float' to 'unsigned int', possible loss of data
d:\assignments\aint354\aint354\project\aint354\aint354\levelmanagement\randmap.cpp(366): warning C4244: 'argument': conversion from 'float' to 'unsigned int', possible loss of data
d:\assignments\aint354\aint354\project\aint354\aint354\levelmanagement\randmap.cpp(393): warning C4244: 'argument': conversion from 'float' to 'unsigned int', possible loss of data
d:\assignments\aint354\aint354\project\aint354\aint354\levelmanagement\randmap.cpp(401): warning C4244: 'argument': conversion from 'float' to 'unsigned int', possible loss of data
d:\assignments\aint354\aint354\project\aint354\aint354\levelmanagement\randmap.cpp(409): warning C4244: 'argument': conversion from 'float' to 'unsigned int', possible loss of data
d:\assignments\aint354\aint354\project\aint354\aint354\levelmanagement\randmap.cpp(417): warning C4244: 'argument': conversion from 'float' to 'unsigned int', possible loss of data
  AINT354.vcxproj -> D:\assignments\AINT354\AINT354\project\AINT354\Debug\AINT354.exe
  AINT354.vcxproj -> D:\assignments\AINT354\AINT354\project\AINT354\Debug\AINT354.pdb (Full PDB)
